<?xml version="1.0" encoding="UTF-8"?>
<testsuite xmlns:xsi="http://www.w3.org/2001/XMLSchema-instance" xsi:noNamespaceSchemaLocation="https://maven.apache.org/surefire/maven-surefire-plugin/xsd/surefire-test-report.xsd" name="TestSuite" time="0.525" tests="4" errors="0" skipped="0" failures="0">
  <properties>
    <property name="sun.desktop" value="gnome"/>
    <property name="awt.toolkit" value="sun.awt.X11.XToolkit"/>
    <property name="file.encoding.pkg" value="sun.io"/>
    <property name="java.specification.version" value="1.8"/>
    <property name="sun.cpu.isalist" value=""/>
    <property name="sun.jnu.encoding" value="UTF-8"/>
    <property name="java.class.path" value="/home/supriya/workspace/Mavenjava/target/test-classes:/home/supriya/workspace/Mavenjava/target/classes:/home/supriya/.m2/repository/org/seleniumhq/selenium/selenium-java/3.6.0/selenium-java-3.6.0.jar:/home/supriya/.m2/repository/org/seleniumhq/selenium/selenium-api/3.6.0/selenium-api-3.6.0.jar:/home/supriya/.m2/repository/org/seleniumhq/selenium/selenium-chrome-driver/3.6.0/selenium-chrome-driver-3.6.0.jar:/home/supriya/.m2/repository/org/seleniumhq/selenium/selenium-edge-driver/3.6.0/selenium-edge-driver-3.6.0.jar:/home/supriya/.m2/repository/org/seleniumhq/selenium/selenium-firefox-driver/3.6.0/selenium-firefox-driver-3.6.0.jar:/home/supriya/.m2/repository/org/seleniumhq/selenium/selenium-ie-driver/3.6.0/selenium-ie-driver-3.6.0.jar:/home/supriya/.m2/repository/org/seleniumhq/selenium/selenium-opera-driver/3.6.0/selenium-opera-driver-3.6.0.jar:/home/supriya/.m2/repository/org/seleniumhq/selenium/selenium-remote-driver/3.6.0/selenium-remote-driver-3.6.0.jar:/home/supriya/.m2/repository/org/seleniumhq/selenium/selenium-safari-driver/3.6.0/selenium-safari-driver-3.6.0.jar:/home/supriya/.m2/repository/org/seleniumhq/selenium/selenium-support/3.6.0/selenium-support-3.6.0.jar:/home/supriya/.m2/repository/net/bytebuddy/byte-buddy/1.7.5/byte-buddy-1.7.5.jar:/home/supriya/.m2/repository/org/apache/commons/commons-exec/1.3/commons-exec-1.3.jar:/home/supriya/.m2/repository/commons-codec/commons-codec/1.10/commons-codec-1.10.jar:/home/supriya/.m2/repository/commons-logging/commons-logging/1.2/commons-logging-1.2.jar:/home/supriya/.m2/repository/com/google/code/gson/gson/2.8.0/gson-2.8.0.jar:/home/supriya/.m2/repository/com/google/guava/guava/23.0/guava-23.0.jar:/home/supriya/.m2/repository/com/google/code/findbugs/jsr305/1.3.9/jsr305-1.3.9.jar:/home/supriya/.m2/repository/com/google/errorprone/error_prone_annotations/2.0.18/error_prone_annotations-2.0.18.jar:/home/supriya/.m2/repository/com/google/j2objc/j2objc-annotations/1.1/j2objc-annotations-1.1.jar:/home/supriya/.m2/repository/org/codehaus/mojo/animal-sniffer-annotations/1.14/animal-sniffer-annotations-1.14.jar:/home/supriya/.m2/repository/org/apache/httpcomponents/httpclient/4.5.3/httpclient-4.5.3.jar:/home/supriya/.m2/repository/org/apache/httpcomponents/httpcore/4.4.6/httpcore-4.4.6.jar:/home/supriya/.m2/repository/net/java/dev/jna/jna/4.1.0/jna-4.1.0.jar:/home/supriya/.m2/repository/net/java/dev/jna/jna-platform/4.1.0/jna-platform-4.1.0.jar:/home/supriya/.m2/repository/org/testng/testng/6.11/testng-6.11.jar:/home/supriya/.m2/repository/com/beust/jcommander/1.64/jcommander-1.64.jar:/home/supriya/.m2/repository/org/yaml/snakeyaml/1.17/snakeyaml-1.17.jar:/home/supriya/.m2/repository/org/apache/maven/plugins/maven-compiler-plugin/2.0.2/maven-compiler-plugin-2.0.2.jar:/home/supriya/.m2/repository/org/apache/maven/maven-plugin-api/2.0/maven-plugin-api-2.0.jar:/home/supriya/.m2/repository/org/codehaus/plexus/plexus-utils/1.0.4/plexus-utils-1.0.4.jar:/home/supriya/.m2/repository/org/codehaus/plexus/plexus-compiler-api/1.5.3/plexus-compiler-api-1.5.3.jar:/home/supriya/.m2/repository/org/codehaus/plexus/plexus-container-default/1.0-alpha-8/plexus-container-default-1.0-alpha-8.jar:/home/supriya/.m2/repository/junit/junit/3.8.1/junit-3.8.1.jar:/home/supriya/.m2/repository/classworlds/classworlds/1.1-alpha-2/classworlds-1.1-alpha-2.jar:/home/supriya/.m2/repository/org/codehaus/plexus/plexus-compiler-manager/1.5.3/plexus-compiler-manager-1.5.3.jar:/home/supriya/.m2/repository/org/codehaus/plexus/plexus-compiler-javac/1.5.3/plexus-compiler-javac-1.5.3.jar:/home/supriya/.m2/repository/org/apache/maven/maven-artifact/2.0/maven-artifact-2.0.jar:/home/supriya/.m2/repository/io/rest-assured/rest-assured/3.0.5/rest-assured-3.0.5.jar:/home/supriya/.m2/repository/org/codehaus/groovy/groovy/2.4.9/groovy-2.4.9.jar:/home/supriya/.m2/repository/org/codehaus/groovy/groovy-xml/2.4.9/groovy-xml-2.4.9.jar:/home/supriya/.m2/repository/org/apache/httpcomponents/httpmime/4.5.1/httpmime-4.5.1.jar:/home/supriya/.m2/repository/org/hamcrest/hamcrest-core/1.3/hamcrest-core-1.3.jar:/home/supriya/.m2/repository/org/hamcrest/hamcrest-library/1.3/hamcrest-library-1.3.jar:/home/supriya/.m2/repository/org/ccil/cowan/tagsoup/tagsoup/1.2.1/tagsoup-1.2.1.jar:/home/supriya/.m2/repository/io/rest-assured/json-path/3.0.5/json-path-3.0.5.jar:/home/supriya/.m2/repository/org/codehaus/groovy/groovy-json/2.4.9/groovy-json-2.4.9.jar:/home/supriya/.m2/repository/io/rest-assured/rest-assured-common/3.0.5/rest-assured-common-3.0.5.jar:/home/supriya/.m2/repository/io/rest-assured/xml-path/3.0.5/xml-path-3.0.5.jar:/home/supriya/.m2/repository/io/appium/java-client/5.0.4/java-client-5.0.4.jar:/home/supriya/.m2/repository/cglib/cglib/3.2.5/cglib-3.2.5.jar:/home/supriya/.m2/repository/org/ow2/asm/asm/5.2/asm-5.2.jar:/home/supriya/.m2/repository/org/apache/ant/ant/1.9.6/ant-1.9.6.jar:/home/supriya/.m2/repository/org/apache/ant/ant-launcher/1.9.6/ant-launcher-1.9.6.jar:/home/supriya/.m2/repository/commons-validator/commons-validator/1.6/commons-validator-1.6.jar:/home/supriya/.m2/repository/commons-beanutils/commons-beanutils/1.9.2/commons-beanutils-1.9.2.jar:/home/supriya/.m2/repository/commons-digester/commons-digester/1.8.1/commons-digester-1.8.1.jar:/home/supriya/.m2/repository/commons-collections/commons-collections/3.2.2/commons-collections-3.2.2.jar:/home/supriya/.m2/repository/org/apache/commons/commons-lang3/3.6/commons-lang3-3.6.jar:/home/supriya/.m2/repository/commons-io/commons-io/2.5/commons-io-2.5.jar:/home/supriya/.m2/repository/org/springframework/spring-context/5.0.0.RELEASE/spring-context-5.0.0.RELEASE.jar:/home/supriya/.m2/repository/org/springframework/spring-aop/5.0.0.RELEASE/spring-aop-5.0.0.RELEASE.jar:/home/supriya/.m2/repository/org/springframework/spring-beans/5.0.0.RELEASE/spring-beans-5.0.0.RELEASE.jar:/home/supriya/.m2/repository/org/springframework/spring-core/5.0.0.RELEASE/spring-core-5.0.0.RELEASE.jar:/home/supriya/.m2/repository/org/springframework/spring-jcl/5.0.0.RELEASE/spring-jcl-5.0.0.RELEASE.jar:/home/supriya/.m2/repository/org/springframework/spring-expression/5.0.0.RELEASE/spring-expression-5.0.0.RELEASE.jar:/home/supriya/.m2/repository/org/aspectj/aspectjweaver/1.8.11/aspectjweaver-1.8.11.jar:/home/supriya/.m2/repository/org/openpnp/opencv/3.2.0-1/opencv-3.2.0-1.jar:/home/supriya/.m2/repository/org/apache/maven/surefire/surefire-testng-utils/2.20.1/surefire-testng-utils-2.20.1.jar:/home/supriya/.m2/repository/org/apache/maven/surefire/surefire-grouper/2.20.1/surefire-grouper-2.20.1.jar:"/>
    <property name="java.vm.vendor" value="Oracle Corporation"/>
    <property name="sun.arch.data.model" value="64"/>
    <property name="java.vendor.url" value="http://java.oracle.com/"/>
    <property name="user.timezone" value=""/>
    <property name="java.vm.specification.version" value="1.8"/>
    <property name="os.name" value="Linux"/>
    <property name="user.country" value="IN"/>
    <property name="sun.java.launcher" value="SUN_STANDARD"/>
    <property name="sun.boot.library.path" value="/usr/lib/jvm/java-8-openjdk-amd64/jre/lib/amd64"/>
    <property name="sun.java.command" value="/home/supriya/workspace/Mavenjava/target/surefire/surefirebooter3158988274382245121.jar /home/supriya/workspace/Mavenjava/target/surefire 2017-11-07T13-56-52_336-jvmRun1 surefire6727870982391266249tmp surefire_0670636889228388739tmp"/>
    <property name="surefire.test.class.path" value="/home/supriya/workspace/Mavenjava/target/test-classes:/home/supriya/workspace/Mavenjava/target/classes:/home/supriya/.m2/repository/org/seleniumhq/selenium/selenium-java/3.6.0/selenium-java-3.6.0.jar:/home/supriya/.m2/repository/org/seleniumhq/selenium/selenium-api/3.6.0/selenium-api-3.6.0.jar:/home/supriya/.m2/repository/org/seleniumhq/selenium/selenium-chrome-driver/3.6.0/selenium-chrome-driver-3.6.0.jar:/home/supriya/.m2/repository/org/seleniumhq/selenium/selenium-edge-driver/3.6.0/selenium-edge-driver-3.6.0.jar:/home/supriya/.m2/repository/org/seleniumhq/selenium/selenium-firefox-driver/3.6.0/selenium-firefox-driver-3.6.0.jar:/home/supriya/.m2/repository/org/seleniumhq/selenium/selenium-ie-driver/3.6.0/selenium-ie-driver-3.6.0.jar:/home/supriya/.m2/repository/org/seleniumhq/selenium/selenium-opera-driver/3.6.0/selenium-opera-driver-3.6.0.jar:/home/supriya/.m2/repository/org/seleniumhq/selenium/selenium-remote-driver/3.6.0/selenium-remote-driver-3.6.0.jar:/home/supriya/.m2/repository/org/seleniumhq/selenium/selenium-safari-driver/3.6.0/selenium-safari-driver-3.6.0.jar:/home/supriya/.m2/repository/org/seleniumhq/selenium/selenium-support/3.6.0/selenium-support-3.6.0.jar:/home/supriya/.m2/repository/net/bytebuddy/byte-buddy/1.7.5/byte-buddy-1.7.5.jar:/home/supriya/.m2/repository/org/apache/commons/commons-exec/1.3/commons-exec-1.3.jar:/home/supriya/.m2/repository/commons-codec/commons-codec/1.10/commons-codec-1.10.jar:/home/supriya/.m2/repository/commons-logging/commons-logging/1.2/commons-logging-1.2.jar:/home/supriya/.m2/repository/com/google/code/gson/gson/2.8.0/gson-2.8.0.jar:/home/supriya/.m2/repository/com/google/guava/guava/23.0/guava-23.0.jar:/home/supriya/.m2/repository/com/google/code/findbugs/jsr305/1.3.9/jsr305-1.3.9.jar:/home/supriya/.m2/repository/com/google/errorprone/error_prone_annotations/2.0.18/error_prone_annotations-2.0.18.jar:/home/supriya/.m2/repository/com/google/j2objc/j2objc-annotations/1.1/j2objc-annotations-1.1.jar:/home/supriya/.m2/repository/org/codehaus/mojo/animal-sniffer-annotations/1.14/animal-sniffer-annotations-1.14.jar:/home/supriya/.m2/repository/org/apache/httpcomponents/httpclient/4.5.3/httpclient-4.5.3.jar:/home/supriya/.m2/repository/org/apache/httpcomponents/httpcore/4.4.6/httpcore-4.4.6.jar:/home/supriya/.m2/repository/net/java/dev/jna/jna/4.1.0/jna-4.1.0.jar:/home/supriya/.m2/repository/net/java/dev/jna/jna-platform/4.1.0/jna-platform-4.1.0.jar:/home/supriya/.m2/repository/org/testng/testng/6.11/testng-6.11.jar:/home/supriya/.m2/repository/com/beust/jcommander/1.64/jcommander-1.64.jar:/home/supriya/.m2/repository/org/yaml/snakeyaml/1.17/snakeyaml-1.17.jar:/home/supriya/.m2/repository/org/apache/maven/plugins/maven-compiler-plugin/2.0.2/maven-compiler-plugin-2.0.2.jar:/home/supriya/.m2/repository/org/apache/maven/maven-plugin-api/2.0/maven-plugin-api-2.0.jar:/home/supriya/.m2/repository/org/codehaus/plexus/plexus-utils/1.0.4/plexus-utils-1.0.4.jar:/home/supriya/.m2/repository/org/codehaus/plexus/plexus-compiler-api/1.5.3/plexus-compiler-api-1.5.3.jar:/home/supriya/.m2/repository/org/codehaus/plexus/plexus-container-default/1.0-alpha-8/plexus-container-default-1.0-alpha-8.jar:/home/supriya/.m2/repository/junit/junit/3.8.1/junit-3.8.1.jar:/home/supriya/.m2/repository/classworlds/classworlds/1.1-alpha-2/classworlds-1.1-alpha-2.jar:/home/supriya/.m2/repository/org/codehaus/plexus/plexus-compiler-manager/1.5.3/plexus-compiler-manager-1.5.3.jar:/home/supriya/.m2/repository/org/codehaus/plexus/plexus-compiler-javac/1.5.3/plexus-compiler-javac-1.5.3.jar:/home/supriya/.m2/repository/org/apache/maven/maven-artifact/2.0/maven-artifact-2.0.jar:/home/supriya/.m2/repository/io/rest-assured/rest-assured/3.0.5/rest-assured-3.0.5.jar:/home/supriya/.m2/repository/org/codehaus/groovy/groovy/2.4.9/groovy-2.4.9.jar:/home/supriya/.m2/repository/org/codehaus/groovy/groovy-xml/2.4.9/groovy-xml-2.4.9.jar:/home/supriya/.m2/repository/org/apache/httpcomponents/httpmime/4.5.1/httpmime-4.5.1.jar:/home/supriya/.m2/repository/org/hamcrest/hamcrest-core/1.3/hamcrest-core-1.3.jar:/home/supriya/.m2/repository/org/hamcrest/hamcrest-library/1.3/hamcrest-library-1.3.jar:/home/supriya/.m2/repository/org/ccil/cowan/tagsoup/tagsoup/1.2.1/tagsoup-1.2.1.jar:/home/supriya/.m2/repository/io/rest-assured/json-path/3.0.5/json-path-3.0.5.jar:/home/supriya/.m2/repository/org/codehaus/groovy/groovy-json/2.4.9/groovy-json-2.4.9.jar:/home/supriya/.m2/repository/io/rest-assured/rest-assured-common/3.0.5/rest-assured-common-3.0.5.jar:/home/supriya/.m2/repository/io/rest-assured/xml-path/3.0.5/xml-path-3.0.5.jar:/home/supriya/.m2/repository/io/appium/java-client/5.0.4/java-client-5.0.4.jar:/home/supriya/.m2/repository/cglib/cglib/3.2.5/cglib-3.2.5.jar:/home/supriya/.m2/repository/org/ow2/asm/asm/5.2/asm-5.2.jar:/home/supriya/.m2/repository/org/apache/ant/ant/1.9.6/ant-1.9.6.jar:/home/supriya/.m2/repository/org/apache/ant/ant-launcher/1.9.6/ant-launcher-1.9.6.jar:/home/supriya/.m2/repository/commons-validator/commons-validator/1.6/commons-validator-1.6.jar:/home/supriya/.m2/repository/commons-beanutils/commons-beanutils/1.9.2/commons-beanutils-1.9.2.jar:/home/supriya/.m2/repository/commons-digester/commons-digester/1.8.1/commons-digester-1.8.1.jar:/home/supriya/.m2/repository/commons-collections/commons-collections/3.2.2/commons-collections-3.2.2.jar:/home/supriya/.m2/repository/org/apache/commons/commons-lang3/3.6/commons-lang3-3.6.jar:/home/supriya/.m2/repository/commons-io/commons-io/2.5/commons-io-2.5.jar:/home/supriya/.m2/repository/org/springframework/spring-context/5.0.0.RELEASE/spring-context-5.0.0.RELEASE.jar:/home/supriya/.m2/repository/org/springframework/spring-aop/5.0.0.RELEASE/spring-aop-5.0.0.RELEASE.jar:/home/supriya/.m2/repository/org/springframework/spring-beans/5.0.0.RELEASE/spring-beans-5.0.0.RELEASE.jar:/home/supriya/.m2/repository/org/springframework/spring-core/5.0.0.RELEASE/spring-core-5.0.0.RELEASE.jar:/home/supriya/.m2/repository/org/springframework/spring-jcl/5.0.0.RELEASE/spring-jcl-5.0.0.RELEASE.jar:/home/supriya/.m2/repository/org/springframework/spring-expression/5.0.0.RELEASE/spring-expression-5.0.0.RELEASE.jar:/home/supriya/.m2/repository/org/aspectj/aspectjweaver/1.8.11/aspectjweaver-1.8.11.jar:/home/supriya/.m2/repository/org/openpnp/opencv/3.2.0-1/opencv-3.2.0-1.jar:/home/supriya/.m2/repository/org/apache/maven/surefire/surefire-testng-utils/2.20.1/surefire-testng-utils-2.20.1.jar:/home/supriya/.m2/repository/org/apache/maven/surefire/surefire-grouper/2.20.1/surefire-grouper-2.20.1.jar:"/>
    <property name="sun.cpu.endian" value="little"/>
    <property name="user.home" value="/home/supriya"/>
    <property name="user.language" value="en"/>
    <property name="java.specification.vendor" value="Oracle Corporation"/>
    <property name="java.home" value="/usr/lib/jvm/java-8-openjdk-amd64/jre"/>
    <property name="basedir" value="/home/supriya/workspace/Mavenjava"/>
    <property name="file.separator" value="/"/>
    <property name="line.separator" value="&#10;"/>
    <property name="java.vm.specification.vendor" value="Oracle Corporation"/>
    <property name="java.specification.name" value="Java Platform API Specification"/>
    <property name="java.awt.graphicsenv" value="sun.awt.X11GraphicsEnvironment"/>
    <property name="surefire.real.class.path" value="/home/supriya/workspace/Mavenjava/target/surefire/surefirebooter3158988274382245121.jar"/>
    <property name="sun.boot.class.path" value="/usr/lib/jvm/java-8-openjdk-amd64/jre/lib/resources.jar:/usr/lib/jvm/java-8-openjdk-amd64/jre/lib/rt.jar:/usr/lib/jvm/java-8-openjdk-amd64/jre/lib/sunrsasign.jar:/usr/lib/jvm/java-8-openjdk-amd64/jre/lib/jsse.jar:/usr/lib/jvm/java-8-openjdk-amd64/jre/lib/jce.jar:/usr/lib/jvm/java-8-openjdk-amd64/jre/lib/charsets.jar:/usr/lib/jvm/java-8-openjdk-amd64/jre/lib/jfr.jar:/usr/lib/jvm/java-8-openjdk-amd64/jre/classes"/>
    <property name="sun.management.compiler" value="HotSpot 64-Bit Tiered Compilers"/>
    <property name="java.runtime.version" value="1.8.0_131-8u131-b11-2ubuntu1.16.04.3-b11"/>
    <property name="user.name" value="supriya"/>
    <property name="path.separator" value=":"/>
    <property name="os.version" value="4.4.0-66-generic"/>
    <property name="java.endorsed.dirs" value="/usr/lib/jvm/java-8-openjdk-amd64/jre/lib/endorsed"/>
    <property name="java.runtime.name" value="OpenJDK Runtime Environment"/>
    <property name="file.encoding" value="UTF-8"/>
    <property name="java.vm.name" value="OpenJDK 64-Bit Server VM"/>
    <property name="localRepository" value="/home/supriya/.m2/repository"/>
    <property name="java.vendor.url.bug" value="http://bugreport.sun.com/bugreport/"/>
    <property name="java.io.tmpdir" value="/tmp"/>
    <property name="java.version" value="1.8.0_131"/>
    <property name="user.dir" value="/home/supriya/workspace/Mavenjava"/>
    <property name="os.arch" value="amd64"/>
    <property name="java.vm.specification.name" value="Java Virtual Machine Specification"/>
    <property name="java.awt.printerjob" value="sun.print.PSPrinterJob"/>
    <property name="sun.os.patch.level" value="unknown"/>
    <property name="java.library.path" value="/usr/java/packages/lib/amd64:/usr/lib/x86_64-linux-gnu/jni:/lib/x86_64-linux-gnu:/usr/lib/x86_64-linux-gnu:/usr/lib/jni:/lib:/usr/lib"/>
    <property name="java.vm.info" value="mixed mode"/>
    <property name="java.vendor" value="Oracle Corporation"/>
    <property name="java.vm.version" value="25.131-b11"/>
    <property name="java.ext.dirs" value="/usr/lib/jvm/java-8-openjdk-amd64/jre/lib/ext:/usr/java/packages/lib/ext"/>
    <property name="sun.io.unicode.encoding" value="UnicodeLittle"/>
    <property name="java.class.version" value="52.0"/>
  </properties>
  <testcase name="Closebrowser" classname="qaclickacademy.SeleniumTest" time="0.023"/>
  <testcase name="Openbrowser" classname="qaclickacademy.SeleniumTest" time="0"/>
  <testcase name="Getmethod" classname="qaclickacademy.RESTAPITest" time="0.005"/>
  <testcase name="Setmethod" classname="qaclickacademy.RESTAPITest" time="0"/>
</testsuite>