<?xml version="1.0" encoding="UTF-8"?>
<!-- Generated by org.testng.reporters.JUnitReportReporter -->
<testsuite skipped="0" hostname="supriya-Inspiron-3542" name="qaclickacademy.AppiumTest" tests="2" failures="0" timestamp="07 Nov 2017 08:25:17 GMT" time="0.002" errors="0">
  <testcase name="Nativeapp" time="0.001" classname="qaclickacademy.AppiumTest"/>
  <testcase name="Hybridapp" time="0.001" classname="qaclickacademy.AppiumTest"/>
</testsuite> <!-- qaclickacademy.AppiumTest -->
