<?xml version="1.0" encoding="UTF-8"?>
<!-- Generated by org.testng.reporters.JUnitReportReporter -->
<testsuite skipped="0" hostname="supriya-Inspiron-3542" name="qaclickacademy.NewTest" tests="1" failures="0" timestamp="07 Nov 2017 07:49:37 GMT" time="0.009" errors="0">
  <testcase name="f" time="0.009" classname="qaclickacademy.NewTest"/>
</testsuite> <!-- qaclickacademy.NewTest -->
