<?xml version="1.0" encoding="UTF-8"?>
<!-- Generated by org.testng.reporters.JUnitReportReporter -->
<testsuite skipped="0" hostname="supriya-Inspiron-3542" name="qaclickacademy.RESTAPITest" tests="2" failures="0" timestamp="07 Nov 2017 08:26:54 GMT" time="0.002" errors="0">
  <testcase name="Setmethod" time="0.002" classname="qaclickacademy.RESTAPITest"/>
  <testcase name="Getmethod" time="0.000" classname="qaclickacademy.RESTAPITest"/>
</testsuite> <!-- qaclickacademy.RESTAPITest -->
