<?xml version="1.0" encoding="UTF-8"?>
<!-- Generated by org.testng.reporters.JUnitReportReporter -->
<testsuite skipped="0" hostname="supriya-Inspiron-3542" name="qaclickacademy.SeleniumTest" tests="2" failures="0" timestamp="07 Nov 2017 08:26:54 GMT" time="0.026" errors="0">
  <testcase name="Closebrowser" time="0.025" classname="qaclickacademy.SeleniumTest"/>
  <testcase name="Openbrowser" time="0.001" classname="qaclickacademy.SeleniumTest"/>
</testsuite> <!-- qaclickacademy.SeleniumTest -->
